# JRE version: OpenJDK Runtime Environment (17.0.9) (build 17.0.9+0--11185874)
# Java VM: OpenJDK 64-Bit Server VM (17.0.9+0--11185874, mixed mode, tiered, compressed oops, compressed class ptrs, g1 gc, windows-amd64)
GC Precious Log:
 CPUs: 16 total, 16 available
 Memory: 16158M
 Large Page Support: Disabled
 NUMA Support: Disabled
 Compressed Oops: Enabled (32-bit)
 Heap Region Size: 1M
 Heap Min Capacity: 8M
 Heap Initial Capacity: 254M
 Heap Max Capacity: 2G
 Pre-touch: Disabled
 Parallel Workers: 13
 Concurrent Workers: 3
 Concurrent Refinement Workers: 13
 Periodic GC: Disabled
Heap:
 garbage-first heap   total 249856K, used 164095K [0x0000000080000000, 0x0000000100000000)
  region size 1024K, 35 young (35840K), 2 survivors (2048K)
 Metaspace       used 110845K, committed 111680K, reserved 1179648K
  class space    used 14773K, committed 15168K, reserved 1048576K
GC Heap History (20 events):
Event: 11.266 GC heap before
{Heap before GC invocations=40 (full 0):
 garbage-first heap   total 186368K, used 150655K [0x0000000080000000, 0x0000000100000000)
  region size 1024K, 57 young (58368K), 1 survivors (1024K)
 Metaspace       used 90513K, committed 91328K, reserved 1179648K
  class space    used 12262K, committed 12608K, reserved 1048576K
}
Event: 11.269 GC heap after
{Heap after GC invocations=41 (full 0):
 garbage-first heap   total 186368K, used 96927K [0x0000000080000000, 0x0000000100000000)
  region size 1024K, 4 young (4096K), 4 survivors (4096K)
 Metaspace       used 90513K, committed 91328K, reserved 1179648K
  class space    used 12262K, committed 12608K, reserved 1048576K
}
Event: 11.902 GC heap before
{Heap before GC invocations=42 (full 0):
 garbage-first heap   total 186368K, used 167583K [0x0000000080000000, 0x0000000100000000)
  region size 1024K, 58 young (59392K), 4 survivors (4096K)
 Metaspace       used 96157K, committed 96896K, reserved 1179648K
  class space    used 12938K, committed 13248K, reserved 1048576K
}
Event: 11.908 GC heap after
{Heap after GC invocations=43 (full 0):
 garbage-first heap   total 186368K, used 116753K [0x0000000080000000, 0x0000000100000000)
  region size 1024K, 8 young (8192K), 8 survivors (8192K)
 Metaspace       used 96157K, committed 96896K, reserved 1179648K
  class space    used 12938K, committed 13248K, reserved 1048576K
}
Event: 11.919 GC heap before
{Heap before GC invocations=43 (full 0):
 garbage-first heap   total 186368K, used 117777K [0x0000000080000000, 0x0000000100000000)
  region size 1024K, 9 young (9216K), 8 survivors (8192K)
 Metaspace       used 96170K, committed 96896K, reserved 1179648K
  class space    used 12938K, committed 13248K, reserved 1048576K
}
Event: 11.922 GC heap after
{Heap after GC invocations=44 (full 0):
 garbage-first heap   total 186368K, used 117364K [0x0000000080000000, 0x0000000100000000)
  region size 1024K, 1 young (1024K), 1 survivors (1024K)
 Metaspace       used 96170K, committed 96896K, reserved 1179648K
  class space    used 12938K, committed 13248K, reserved 1048576K
}
Event: 12.200 GC heap before
{Heap before GC invocations=44 (full 0):
 garbage-first heap   total 186368K, used 143988K [0x0000000080000000, 0x0000000100000000)
  region size 1024K, 29 young (29696K), 1 survivors (1024K)
 Metaspace       used 97640K, committed 98368K, reserved 1179648K
  class space    used 13133K, committed 13440K, reserved 1048576K
}
Event: 12.203 GC heap after
{Heap after GC invocations=45 (full 0):
 garbage-first heap   total 224256K, used 119193K [0x0000000080000000, 0x0000000100000000)
  region size 1024K, 3 young (3072K), 3 survivors (3072K)
 Metaspace       used 97640K, committed 98368K, reserved 1179648K
  class space    used 13133K, committed 13440K, reserved 1048576K
}
Event: 12.205 GC heap before
{Heap before GC invocations=45 (full 0):
 garbage-first heap   total 224256K, used 120217K [0x0000000080000000, 0x0000000100000000)
  region size 1024K, 4 young (4096K), 3 survivors (3072K)
 Metaspace       used 97640K, committed 98368K, reserved 1179648K
  class space    used 13133K, committed 13440K, reserved 1048576K
}
Event: 12.207 GC heap after
{Heap after GC invocations=46 (full 0):
 garbage-first heap   total 224256K, used 119780K [0x0000000080000000, 0x0000000100000000)
  region size 1024K, 2 young (2048K), 2 survivors (2048K)
 Metaspace       used 97640K, committed 98368K, reserved 1179648K
  class space    used 13133K, committed 13440K, reserved 1048576K
}
Event: 13.186 GC heap before
{Heap before GC invocations=47 (full 0):
 garbage-first heap   total 224256K, used 186340K [0x0000000080000000, 0x0000000100000000)
  region size 1024K, 66 young (67584K), 2 survivors (2048K)
 Metaspace       used 104957K, committed 105792K, reserved 1179648K
  class space    used 14082K, committed 14464K, reserved 1048576K
}
Event: 13.190 GC heap after
{Heap after GC invocations=48 (full 0):
 garbage-first heap   total 224256K, used 121155K [0x0000000080000000, 0x0000000100000000)
  region size 1024K, 5 young (5120K), 5 survivors (5120K)
 Metaspace       used 104957K, committed 105792K, reserved 1179648K
  class space    used 14082K, committed 14464K, reserved 1048576K
}
Event: 13.255 GC heap before
{Heap before GC invocations=48 (full 0):
 garbage-first heap   total 224256K, used 125251K [0x0000000080000000, 0x0000000100000000)
  region size 1024K, 10 young (10240K), 5 survivors (5120K)
 Metaspace       used 105411K, committed 106240K, reserved 1179648K
  class space    used 14164K, committed 14528K, reserved 1048576K
}
Event: 13.260 GC heap after
{Heap after GC invocations=49 (full 0):
 garbage-first heap   total 224256K, used 121580K [0x0000000080000000, 0x0000000100000000)
  region size 1024K, 1 young (1024K), 1 survivors (1024K)
 Metaspace       used 105411K, committed 106240K, reserved 1179648K
  class space    used 14164K, committed 14528K, reserved 1048576K
}
Event: 13.811 GC heap before
{Heap before GC invocations=49 (full 0):
 garbage-first heap   total 224256K, used 186092K [0x0000000080000000, 0x0000000100000000)
  region size 1024K, 65 young (66560K), 1 survivors (1024K)
 Metaspace       used 108467K, committed 109248K, reserved 1179648K
  class space    used 14485K, committed 14848K, reserved 1048576K
}
Event: 13.815 GC heap after
{Heap after GC invocations=50 (full 0):
 garbage-first heap   total 224256K, used 127711K [0x0000000080000000, 0x0000000100000000)
  region size 1024K, 7 young (7168K), 7 survivors (7168K)
 Metaspace       used 108467K, committed 109248K, reserved 1179648K
  class space    used 14485K, committed 14848K, reserved 1048576K
}
Event: 14.132 GC heap before
{Heap before GC invocations=51 (full 0):
 garbage-first heap   total 249856K, used 183007K [0x0000000080000000, 0x0000000100000000)
  region size 1024K, 61 young (62464K), 7 survivors (7168K)
 Metaspace       used 109362K, committed 110208K, reserved 1179648K
  class space    used 14589K, committed 14976K, reserved 1048576K
}
Event: 14.137 GC heap after
{Heap after GC invocations=52 (full 0):
 garbage-first heap   total 249856K, used 131211K [0x0000000080000000, 0x0000000100000000)
  region size 1024K, 6 young (6144K), 6 survivors (6144K)
 Metaspace       used 109362K, committed 110208K, reserved 1179648K
  class space    used 14589K, committed 14976K, reserved 1048576K
}
Event: 14.197 GC heap before
{Heap before GC invocations=52 (full 0):
 garbage-first heap   total 249856K, used 137355K [0x0000000080000000, 0x0000000100000000)
  region size 1024K, 12 young (12288K), 6 survivors (6144K)
 Metaspace       used 109472K, committed 110336K, reserved 1179648K
  class space    used 14598K, committed 15040K, reserved 1048576K
}
Event: 14.200 GC heap after
{Heap after GC invocations=53 (full 0):
 garbage-first heap   total 249856K, used 131327K [0x0000000080000000, 0x0000000100000000)
  region size 1024K, 2 young (2048K), 2 survivors (2048K)
 Metaspace       used 109472K, committed 110336K, reserved 1179648K
  class space    used 14598K, committed 15040K, reserved 1048576K
}

